<?xml version="1.0" encoding="UTF-8"?>
<testng-results skipped="0" failed="1" ignored="0" total="1" passed="0">
  <reporter-output>
  </reporter-output>
  <suite name="Default suite" duration-ms="97582" started-at="2022-06-19T11:15:35 IST" finished-at="2022-06-19T11:17:13 IST">
    <groups>
    </groups>
    <test name="Default test" duration-ms="97582" started-at="2022-06-19T11:15:35 IST" finished-at="2022-06-19T11:17:13 IST">
      <class name="com.saucedemo.TestClass.TC01Loginfuntionality">
        <test-method status="PASS" signature="setUpMethod()[pri:0, instance:com.saucedemo.TestClass.TC01Loginfuntionality@12f41634]" name="setUpMethod" is-config="true" duration-ms="93654" started-at="2022-06-19T11:15:35 IST" finished-at="2022-06-19T11:17:09 IST">
          <reporter-output>
          </reporter-output>
        </test-method> <!-- setUpMethod -->
        <test-method status="FAIL" signature="Verifiyloginfunctionality()[pri:0, instance:com.saucedemo.TestClass.TC01Loginfuntionality@12f41634]" name="Verifiyloginfunctionality" duration-ms="571" started-at="2022-06-19T11:17:09 IST" finished-at="2022-06-19T11:17:10 IST">
          <exception class="java.lang.Error">
            <message>
              <![CDATA[Unresolved compilation problem: 
logOutButton cannot be resolved
]]>
            </message>
            <full-stacktrace>
              <![CDATA[java.lang.Error: Unresolved compilation problem: 
logOutButton cannot be resolved

at com.saucedemo.POMclass.Homepage.clickOnLogOut(Homepage.java:76)
at com.saucedemo.TestClass.TC01Loginfuntionality.Verifiyloginfunctionality(TC01Loginfuntionality.java:34)
at sun.reflect.NativeMethodAccessorImpl.invoke0(Native Method)
at sun.reflect.NativeMethodAccessorImpl.invoke(Unknown Source)
at sun.reflect.DelegatingMethodAccessorImpl.invoke(Unknown Source)
at java.lang.reflect.Method.invoke(Unknown Source)
at org.testng.internal.MethodInvocationHelper.invokeMethod(MethodInvocationHelper.java:133)
at org.testng.internal.TestInvoker.invokeMethod(TestInvoker.java:598)
at org.testng.internal.TestInvoker.invokeTestMethod(TestInvoker.java:173)
at org.testng.internal.MethodRunner.runInSequence(MethodRunner.java:46)
at org.testng.internal.TestInvoker$MethodInvocationAgent.invoke(TestInvoker.java:824)
at org.testng.internal.TestInvoker.invokeTestMethods(TestInvoker.java:146)
at org.testng.internal.TestMethodWorker.invokeTestMethods(TestMethodWorker.java:146)
at org.testng.internal.TestMethodWorker.run(TestMethodWorker.java:128)
at java.util.ArrayList.forEach(Unknown Source)
at org.testng.TestRunner.privateRun(TestRunner.java:794)
at org.testng.TestRunner.run(TestRunner.java:596)
at org.testng.SuiteRunner.runTest(SuiteRunner.java:377)
at org.testng.SuiteRunner.runSequentially(SuiteRunner.java:371)
at org.testng.SuiteRunner.privateRun(SuiteRunner.java:332)
at org.testng.SuiteRunner.run(SuiteRunner.java:276)
at org.testng.SuiteRunnerWorker.runSuite(SuiteRunnerWorker.java:53)
at org.testng.SuiteRunnerWorker.run(SuiteRunnerWorker.java:96)
at org.testng.TestNG.runSuitesSequentially(TestNG.java:1212)
at org.testng.TestNG.runSuitesLocally(TestNG.java:1134)
at org.testng.TestNG.runSuites(TestNG.java:1063)
at org.testng.TestNG.run(TestNG.java:1031)
at org.testng.remote.AbstractRemoteTestNG.run(AbstractRemoteTestNG.java:115)
at org.testng.remote.RemoteTestNG.initAndRun(RemoteTestNG.java:251)
at org.testng.remote.RemoteTestNG.main(RemoteTestNG.java:77)
]]>
            </full-stacktrace>
          </exception> <!-- java.lang.Error -->
          <reporter-output>
          </reporter-output>
        </test-method> <!-- Verifiyloginfunctionality -->
        <test-method status="PASS" signature="tearDownMethod()[pri:0, instance:com.saucedemo.TestClass.TC01Loginfuntionality@12f41634]" name="tearDownMethod" is-config="true" duration-ms="3055" started-at="2022-06-19T11:17:10 IST" finished-at="2022-06-19T11:17:13 IST">
          <reporter-output>
          </reporter-output>
        </test-method> <!-- tearDownMethod -->
      </class> <!-- com.saucedemo.TestClass.TC01Loginfuntionality -->
    </test> <!-- Default test -->
  </suite> <!-- Default suite -->
</testng-results>
